<?xml version="1.0" encoding="UTF-8"?>
<testng-results skipped="0" failed="0" ignored="0" total="0" passed="0">
  <reporter-output>
  </reporter-output>
  <suite name="testRunner.TestNGRunner" duration-ms="5" started-at="2020-09-25T13:58:20Z" finished-at="2020-09-25T13:58:20Z">
    <groups>
    </groups>
    <test name="Command line test" duration-ms="5" started-at="2020-09-25T13:58:20Z" finished-at="2020-09-25T13:58:20Z">
    </test> <!-- Command line test -->
  </suite> <!-- testRunner.TestNGRunner -->
</testng-results>
